[INFO] Scanning for projects...
[INFO] 
[INFO] --------------------------< fptu.sba301:ats >---------------------------
[INFO] Building ats 0.0.1-SNAPSHOT
[INFO]   from pom.xml
[INFO] --------------------------------[ jar ]---------------------------------
[INFO] 
[INFO] >>> spring-boot:3.5.11:run (default-cli) > test-compile @ ats >>>
[INFO] 
[INFO] --- resources:3.3.1:resources (default-resources) @ ats ---
[INFO] Copying 1 resource from src\main\resources to target\classes
[INFO] Copying 0 resource from src\main\resources to target\classes
[INFO] 
[INFO] --- compiler:3.14.1:compile (default-compile) @ ats ---
[INFO] Nothing to compile - all classes are up to date.
[INFO] 
[INFO] --- resources:3.3.1:testResources (default-testResources) @ ats ---
[INFO] skip non existing resourceDirectory C:\Users\LEGION 5 PRO\OneDrive\Desktop\1_SBA301\Gr project\applicant-tracking-system\backend\src\test\resources
[INFO] 
[INFO] --- compiler:3.14.1:testCompile (default-testCompile) @ ats ---
[INFO] Nothing to compile - all classes are up to date.
[INFO] 
[INFO] <<< spring-boot:3.5.11:run (default-cli) < test-compile @ ats <<<
[INFO] 
[INFO] 
[INFO] --- spring-boot:3.5.11:run (default-cli) @ ats ---
[INFO] Attaching agents: []

  .   ____          _            __ _ _
 /\\ / ___'_ __ _ _(_)_ __  __ _ \ \ \ \
( ( )\___ | '_ | '_| | '_ \/ _` | \ \ \ \
 \\/  ___)| |_)| | | | | || (_| |  ) ) ) )
  '  |____| .__|_| |_|_| |_\__, | / / / /
 =========|_|==============|___/=/_/_/_/

 :: Spring Boot ::               (v3.5.11)

2026-03-10T22:12:22.707+07:00  INFO 28728 --- [ats] [           main] fptu.sba301.ats.AtsApplication           : Starting AtsApplication using Java 21.0.7 with PID 28728 (C:\Users\LEGION 5 PRO\OneDrive\Desktop\1_SBA301\Gr project\applicant-tracking-system\backend\target\classes started by LEGION 5 PRO in C:\Users\LEGION 5 PRO\OneDrive\Desktop\1_SBA301\Gr project\applicant-tracking-system\backend)
2026-03-10T22:12:22.708+07:00  INFO 28728 --- [ats] [           main] fptu.sba301.ats.AtsApplication           : No active profile set, falling back to 1 default profile: "default"
2026-03-10T22:12:23.235+07:00  INFO 28728 --- [ats] [           main] .s.d.r.c.RepositoryConfigurationDelegate : Bootstrapping Spring Data JPA repositories in DEFAULT mode.
2026-03-10T22:12:23.306+07:00  INFO 28728 --- [ats] [           main] .s.d.r.c.RepositoryConfigurationDelegate : Finished Spring Data repository scanning in 64 ms. Found 8 JPA repository interfaces.
2026-03-10T22:12:23.775+07:00  INFO 28728 --- [ats] [           main] o.s.b.w.embedded.tomcat.TomcatWebServer  : Tomcat initialized with port 8386 (http)
2026-03-10T22:12:23.785+07:00  INFO 28728 --- [ats] [           main] o.apache.catalina.core.StandardService   : Starting service [Tomcat]
2026-03-10T22:12:23.786+07:00  INFO 28728 --- [ats] [           main] o.apache.catalina.core.StandardEngine    : Starting Servlet engine: [Apache Tomcat/10.1.52]
2026-03-10T22:12:23.832+07:00  INFO 28728 --- [ats] [           main] o.a.c.c.C.[Tomcat].[localhost].[/]       : Initializing Spring embedded WebApplicationContext
2026-03-10T22:12:23.834+07:00  INFO 28728 --- [ats] [           main] w.s.c.ServletWebServerApplicationContext : Root WebApplicationContext: initialization completed in 1094 ms
2026-03-10T22:12:23.943+07:00  INFO 28728 --- [ats] [           main] o.hibernate.jpa.internal.util.LogHelper  : HHH000204: Processing PersistenceUnitInfo [name: default]
2026-03-10T22:12:23.972+07:00  INFO 28728 --- [ats] [           main] org.hibernate.Version                    : HHH000412: Hibernate ORM core version 6.6.42.Final
2026-03-10T22:12:23.993+07:00  INFO 28728 --- [ats] [           main] o.h.c.internal.RegionFactoryInitiator    : HHH000026: Second-level cache disabled
2026-03-10T22:12:24.175+07:00  INFO 28728 --- [ats] [           main] o.s.o.j.p.SpringPersistenceUnitInfo      : No LoadTimeWeaver setup: ignoring JPA class transformer
2026-03-10T22:12:24.195+07:00  INFO 28728 --- [ats] [           main] com.zaxxer.hikari.HikariDataSource       : HikariPool-1 - Starting...
2026-03-10T22:12:24.337+07:00  INFO 28728 --- [ats] [           main] com.zaxxer.hikari.pool.HikariPool        : HikariPool-1 - Added connection org.postgresql.jdbc.PgConnection@749d7c01
2026-03-10T22:12:24.338+07:00  INFO 28728 --- [ats] [           main] com.zaxxer.hikari.HikariDataSource       : HikariPool-1 - Start completed.
2026-03-10T22:12:24.365+07:00  WARN 28728 --- [ats] [           main] org.hibernate.orm.deprecation            : HHH90000025: PostgreSQLDialect does not need to be specified explicitly using 'hibernate.dialect' (remove the property setting and it will be selected by default)
2026-03-10T22:12:24.378+07:00  INFO 28728 --- [ats] [           main] org.hibernate.orm.connections.pooling    : HHH10001005: Database info:
	Database JDBC URL [Connecting through datasource 'HikariDataSource (HikariPool-1)']
	Database driver: undefined/unknown
	Database version: 18.3
	Autocommit mode: undefined/unknown
	Isolation level: undefined/unknown
	Minimum pool size: undefined/unknown
	Maximum pool size: undefined/unknown
2026-03-10T22:12:25.153+07:00  INFO 28728 --- [ats] [           main] o.h.e.t.j.p.i.JtaPlatformInitiator       : HHH000489: No JTA platform available (set 'hibernate.transaction.jta.platform' to enable JTA platform integration)
2026-03-10T22:12:25.328+07:00  INFO 28728 --- [ats] [           main] j.LocalContainerEntityManagerFactoryBean : Initialized JPA EntityManagerFactory for persistence unit 'default'
2026-03-10T22:12:26.053+07:00  INFO 28728 --- [ats] [           main] r$InitializeUserDetailsManagerConfigurer : Global AuthenticationManager configured with UserDetailsService bean with name customUserDetailsService
2026-03-10T22:12:26.282+07:00  WARN 28728 --- [ats] [           main] JpaBaseConfiguration$JpaWebConfiguration : spring.jpa.open-in-view is enabled by default. Therefore, database queries may be performed during view rendering. Explicitly configure spring.jpa.open-in-view to disable this warning
2026-03-10T22:12:27.168+07:00  INFO 28728 --- [ats] [           main] o.s.b.w.embedded.tomcat.TomcatWebServer  : Tomcat started on port 8386 (http) with context path '/'
2026-03-10T22:12:27.184+07:00  INFO 28728 --- [ats] [           main] fptu.sba301.ats.AtsApplication           : Started AtsApplication in 4.762 seconds (process running for 4.999)
2026-03-10T22:13:55.308+07:00  INFO 28728 --- [ats] [nio-8386-exec-1] o.a.c.c.C.[Tomcat].[localhost].[/]       : Initializing Spring DispatcherServlet 'dispatcherServlet'
2026-03-10T22:13:55.308+07:00  INFO 28728 --- [ats] [nio-8386-exec-1] o.s.web.servlet.DispatcherServlet        : Initializing Servlet 'dispatcherServlet'
2026-03-10T22:13:55.310+07:00  INFO 28728 --- [ats] [nio-8386-exec-1] o.s.web.servlet.DispatcherServlet        : Completed initialization in 2 ms
Hibernate: 
    select
        d1_0.id,
        d1_0.is_active,
        d1_0.description,
        d1_0.manager_id,
        d1_0.name 
    from
        departments d1_0
Hibernate: 
    select
        d1_0.id,
        d1_0.is_active,
        d1_0.description,
        d1_0.manager_id,
        d1_0.name 
    from
        departments d1_0
2026-03-10T22:40:17.869+07:00  INFO 28728 --- [ats] [ionShutdownHook] o.s.b.w.e.tomcat.GracefulShutdown        : Commencing graceful shutdown. Waiting for active requests to complete
2026-03-10T22:40:17.884+07:00  INFO 28728 --- [ats] [tomcat-shutdown] o.s.b.w.e.tomcat.GracefulShutdown        : Graceful shutdown complete
2026-03-10T22:40:17.900+07:00  INFO 28728 --- [ats] [ionShutdownHook] j.LocalContainerEntityManagerFactoryBean : Closing JPA EntityManagerFactory for persistence unit 'default'
2026-03-10T22:40:17.913+07:00  INFO 28728 --- [ats] [ionShutdownHook] com.zaxxer.hikari.HikariDataSource       : HikariPool-1 - Shutdown initiated...
2026-03-10T22:40:17.918+07:00  INFO 28728 --- [ats] [ionShutdownHook] com.zaxxer.hikari.HikariDataSource       : HikariPool-1 - Shutdown completed.
[INFO] ------------------------------------------------------------------------
[INFO] BUILD SUCCESS
[INFO] ------------------------------------------------------------------------
[INFO] Total time:  27:57 min
[INFO] Finished at: 2026-03-10T22:40:17+07:00
[INFO] ------------------------------------------------------------------------
Terminate batch job (Y/N)? 
^C