[INFO] Scanning for projects...
[INFO] 
[INFO] --------------------------< fptu.sba301:ats >---------------------------
[INFO] Building ats 0.0.1-SNAPSHOT
[INFO]   from pom.xml
[INFO] --------------------------------[ jar ]---------------------------------
[INFO] 
[INFO] --- clean:3.4.1:clean (default-clean) @ ats ---
[INFO] Deleting C:\Users\LEGION 5 PRO\OneDrive\Desktop\1_SBA301\Gr project\applicant-tracking-system\backend\target
[INFO] 
[INFO] --- resources:3.3.1:resources (default-resources) @ ats ---
[INFO] Copying 1 resource from src\main\resources to target\classes
[INFO] Copying 0 resource from src\main\resources to target\classes
[INFO] 
[INFO] --- compiler:3.14.1:compile (default-compile) @ ats ---
[INFO] Recompiling the module because of changed source code.
[INFO] Compiling 65 source files with javac [debug parameters release 21] to target\classes
[INFO] -------------------------------------------------------------
[WARNING] COMPILATION WARNING : 
[INFO] -------------------------------------------------------------
[WARNING] /C:/Users/LEGION 5 PRO/OneDrive/Desktop/1_SBA301/Gr project/applicant-tracking-system/backend/src/main/java/fptu/sba301/ats/entity/User.java:[45,21] @Builder will ignore the initializing expression entirely. If you want the initializing expression to serve as default, add @Builder.Default. If it is not supposed to be settable during building, make the field final.
[WARNING] /C:/Users/LEGION 5 PRO/OneDrive/Desktop/1_SBA301/Gr project/applicant-tracking-system/backend/src/main/java/fptu/sba301/ats/entity/User.java:[48,21] @Builder will ignore the initializing expression entirely. If you want the initializing expression to serve as default, add @Builder.Default. If it is not supposed to be settable during building, make the field final.
[WARNING] /C:/Users/LEGION 5 PRO/OneDrive/Desktop/1_SBA301/Gr project/applicant-tracking-system/backend/src/main/java/fptu/sba301/ats/entity/User.java:[51,21] @Builder will ignore the initializing expression entirely. If you want the initializing expression to serve as default, add @Builder.Default. If it is not supposed to be settable during building, make the field final.
[WARNING] /C:/Users/LEGION 5 PRO/OneDrive/Desktop/1_SBA301/Gr project/applicant-tracking-system/backend/src/main/java/fptu/sba301/ats/entity/RefreshToken.java:[43,21] @Builder will ignore the initializing expression entirely. If you want the initializing expression to serve as default, add @Builder.Default. If it is not supposed to be settable during building, make the field final.
[INFO] 4 warnings 
[INFO] -------------------------------------------------------------
[INFO] -------------------------------------------------------------
[ERROR] COMPILATION ERROR : 
[INFO] -------------------------------------------------------------
[ERROR] /C:/Users/LEGION 5 PRO/OneDrive/Desktop/1_SBA301/Gr project/applicant-tracking-system/backend/src/main/java/fptu/sba301/ats/repository/OfferRepository.java:[3,30] cannot find symbol
  symbol:   class Offer
  location: package fptu.sba301.ats.entity
[ERROR] /C:/Users/LEGION 5 PRO/OneDrive/Desktop/1_SBA301/Gr project/applicant-tracking-system/backend/src/main/java/fptu/sba301/ats/repository/OfferRepository.java:[11,56] cannot find symbol
  symbol: class Offer
[INFO] 2 errors 
[INFO] -------------------------------------------------------------
[INFO] ------------------------------------------------------------------------
[INFO] BUILD FAILURE
[INFO] ------------------------------------------------------------------------
[INFO] Total time:  3.875 s
[INFO] Finished at: 2026-03-01T10:51:38+07:00
[INFO] ------------------------------------------------------------------------
[ERROR] Failed to execute goal org.apache.maven.plugins:maven-compiler-plugin:3.14.1:compile (default-compile) on project ats: Compilation failure: Compilation failure: 
[ERROR] /C:/Users/LEGION 5 PRO/OneDrive/Desktop/1_SBA301/Gr project/applicant-tracking-system/backend/src/main/java/fptu/sba301/ats/repository/OfferRepository.java:[3,30] cannot find symbol
[ERROR]   symbol:   class Offer
[ERROR]   location: package fptu.sba301.ats.entity
[ERROR] /C:/Users/LEGION 5 PRO/OneDrive/Desktop/1_SBA301/Gr project/applicant-tracking-system/backend/src/main/java/fptu/sba301/ats/repository/OfferRepository.java:[11,56] cannot find symbol
[ERROR]   symbol: class Offer
[ERROR] -> [Help 1]
[ERROR] 
[ERROR] To see the full stack trace of the errors, re-run Maven with the -e switch.
[ERROR] Re-run Maven using the -X switch to enable full debug logging.
[ERROR] 
[ERROR] For more information about the errors and possible solutions, please read the following articles:
[ERROR] [Help 1] http://cwiki.apache.org/confluence/display/MAVEN/MojoFailureException
