[INFO] Scanning for projects...
[INFO] 
[INFO] --------------------------< fptu.sba301:ats >---------------------------
[INFO] Building ats 0.0.1-SNAPSHOT
[INFO]   from pom.xml
[INFO] --------------------------------[ jar ]---------------------------------
[INFO] 
[INFO] --- clean:3.4.1:clean (default-clean) @ ats ---
[INFO] Deleting C:\Users\LEGION 5 PRO\OneDrive\Desktop\1_SBA301\Gr project\applicant-tracking-system\backend\target
[INFO] 
[INFO] --- resources:3.3.1:resources (default-resources) @ ats ---
[INFO] Copying 1 resource from src\main\resources to target\classes
[INFO] Copying 0 resource from src\main\resources to target\classes
[INFO] 
[INFO] --- compiler:3.14.1:compile (default-compile) @ ats ---
[INFO] Recompiling the module because of changed source code.
[INFO] Compiling 59 source files with javac [debug parameters release 21] to target\classes
[WARNING] /C:/Users/LEGION 5 PRO/OneDrive/Desktop/1_SBA301/Gr project/applicant-tracking-system/backend/src/main/java/fptu/sba301/ats/entity/Notification.java:[38,21] @Builder will ignore the initializing expression entirely. If you want the initializing expression to serve as default, add @Builder.Default. If it is not supposed to be settable during building, make the field final.
[WARNING] /C:/Users/LEGION 5 PRO/OneDrive/Desktop/1_SBA301/Gr project/applicant-tracking-system/backend/src/main/java/fptu/sba301/ats/entity/RefreshToken.java:[43,21] @Builder will ignore the initializing expression entirely. If you want the initializing expression to serve as default, add @Builder.Default. If it is not supposed to be settable during building, make the field final.
[WARNING] /C:/Users/LEGION 5 PRO/OneDrive/Desktop/1_SBA301/Gr project/applicant-tracking-system/backend/src/main/java/fptu/sba301/ats/entity/User.java:[47,21] @Builder will ignore the initializing expression entirely. If you want the initializing expression to serve as default, add @Builder.Default. If it is not supposed to be settable during building, make the field final.
[WARNING] /C:/Users/LEGION 5 PRO/OneDrive/Desktop/1_SBA301/Gr project/applicant-tracking-system/backend/src/main/java/fptu/sba301/ats/entity/User.java:[50,21] @Builder will ignore the initializing expression entirely. If you want the initializing expression to serve as default, add @Builder.Default. If it is not supposed to be settable during building, make the field final.
[WARNING] /C:/Users/LEGION 5 PRO/OneDrive/Desktop/1_SBA301/Gr project/applicant-tracking-system/backend/src/main/java/fptu/sba301/ats/entity/User.java:[53,21] @Builder will ignore the initializing expression entirely. If you want the initializing expression to serve as default, add @Builder.Default. If it is not supposed to be settable during building, make the field final.
[INFO] ------------------------------------------------------------------------
[INFO] BUILD SUCCESS
[INFO] ------------------------------------------------------------------------
[INFO] Total time:  3.649 s
[INFO] Finished at: 2026-03-11T07:43:56+07:00
[INFO] ------------------------------------------------------------------------
