[INFO] Scanning for projects...
[INFO] 
[INFO] --------------------------< fptu.sba301:ats >---------------------------
[INFO] Building ats 0.0.1-SNAPSHOT
[INFO]   from pom.xml
[INFO] --------------------------------[ jar ]---------------------------------
[INFO] 
[INFO] --- clean:3.4.1:clean (default-clean) @ ats ---
[INFO] Deleting C:\Users\LEGION 5 PRO\OneDrive\Desktop\1_SBA301\Gr project\applicant-tracking-system\backend\target
[INFO] 
[INFO] --- resources:3.3.1:resources (default-resources) @ ats ---
[INFO] Copying 1 resource from src\main\resources to target\classes
[INFO] Copying 0 resource from src\main\resources to target\classes
[INFO] 
[INFO] --- compiler:3.14.1:compile (default-compile) @ ats ---
[INFO] Recompiling the module because of changed source code.
[INFO] Compiling 65 source files with javac [debug parameters release 21] to target\classes
[WARNING] /C:/Users/LEGION 5 PRO/OneDrive/Desktop/1_SBA301/Gr project/applicant-tracking-system/backend/src/main/java/fptu/sba301/ats/entity/User.java:[45,21] @Builder will ignore the initializing expression entirely. If you want the initializing expression to serve as default, add @Builder.Default. If it is not supposed to be settable during building, make the field final.
[WARNING] /C:/Users/LEGION 5 PRO/OneDrive/Desktop/1_SBA301/Gr project/applicant-tracking-system/backend/src/main/java/fptu/sba301/ats/entity/User.java:[48,21] @Builder will ignore the initializing expression entirely. If you want the initializing expression to serve as default, add @Builder.Default. If it is not supposed to be settable during building, make the field final.
[WARNING] /C:/Users/LEGION 5 PRO/OneDrive/Desktop/1_SBA301/Gr project/applicant-tracking-system/backend/src/main/java/fptu/sba301/ats/entity/User.java:[51,21] @Builder will ignore the initializing expression entirely. If you want the initializing expression to serve as default, add @Builder.Default. If it is not supposed to be settable during building, make the field final.
[WARNING] /C:/Users/LEGION 5 PRO/OneDrive/Desktop/1_SBA301/Gr project/applicant-tracking-system/backend/src/main/java/fptu/sba301/ats/entity/RefreshToken.java:[43,21] @Builder will ignore the initializing expression entirely. If you want the initializing expression to serve as default, add @Builder.Default. If it is not supposed to be settable during building, make the field final.
[INFO] 
[INFO] >>> spring-boot:3.5.11:run (default-cli) > test-compile @ ats >>>
[INFO] 
[INFO] --- resources:3.3.1:resources (default-resources) @ ats ---
[INFO] Copying 1 resource from src\main\resources to target\classes
[INFO] Copying 0 resource from src\main\resources to target\classes
[INFO] 
[INFO] --- compiler:3.14.1:compile (default-compile) @ ats ---
[INFO] Nothing to compile - all classes are up to date.
[INFO] 
[INFO] --- resources:3.3.1:testResources (default-testResources) @ ats ---
[INFO] skip non existing resourceDirectory C:\Users\LEGION 5 PRO\OneDrive\Desktop\1_SBA301\Gr project\applicant-tracking-system\backend\src\test\resources
[INFO] 
[INFO] --- compiler:3.14.1:testCompile (default-testCompile) @ ats ---
[INFO] Recompiling the module because of changed dependency.
[INFO] Compiling 3 source files with javac [debug parameters release 21] to target\test-classes
[INFO] 
[INFO] <<< spring-boot:3.5.11:run (default-cli) < test-compile @ ats <<<
[INFO] 
[INFO] 
[INFO] --- spring-boot:3.5.11:run (default-cli) @ ats ---
[INFO] Attaching agents: []

  .   ____          _            __ _ _
 /\\ / ___'_ __ _ _(_)_ __  __ _ \ \ \ \
( ( )\___ | '_ | '_| | '_ \/ _` | \ \ \ \
 \\/  ___)| |_)| | | | | || (_| |  ) ) ) )
  '  |____| .__|_| |_|_| |_\__, | / / / /
 =========|_|==============|___/=/_/_/_/

 :: Spring Boot ::               (v3.5.11)

2026-03-09T22:33:42.070+07:00  INFO 37720 --- [ats] [           main] fptu.sba301.ats.AtsApplication           : Starting AtsApplication using Java 21.0.7 with PID 37720 (C:\Users\LEGION 5 PRO\OneDrive\Desktop\1_SBA301\Gr project\applicant-tracking-system\backend\target\classes started by LEGION 5 PRO in C:\Users\LEGION 5 PRO\OneDrive\Desktop\1_SBA301\Gr project\applicant-tracking-system\backend)
2026-03-09T22:33:42.073+07:00  INFO 37720 --- [ats] [           main] fptu.sba301.ats.AtsApplication           : No active profile set, falling back to 1 default profile: "default"
2026-03-09T22:33:42.682+07:00  INFO 37720 --- [ats] [           main] .s.d.r.c.RepositoryConfigurationDelegate : Bootstrapping Spring Data JPA repositories in DEFAULT mode.
2026-03-09T22:33:42.767+07:00  INFO 37720 --- [ats] [           main] .s.d.r.c.RepositoryConfigurationDelegate : Finished Spring Data repository scanning in 78 ms. Found 8 JPA repository interfaces.
2026-03-09T22:33:43.303+07:00  INFO 37720 --- [ats] [           main] o.s.b.w.embedded.tomcat.TomcatWebServer  : Tomcat initialized with port 8386 (http)
2026-03-09T22:33:43.314+07:00  INFO 37720 --- [ats] [           main] o.apache.catalina.core.StandardService   : Starting service [Tomcat]
2026-03-09T22:33:43.315+07:00  INFO 37720 --- [ats] [           main] o.apache.catalina.core.StandardEngine    : Starting Servlet engine: [Apache Tomcat/10.1.52]
2026-03-09T22:33:43.362+07:00  INFO 37720 --- [ats] [           main] o.a.c.c.C.[Tomcat].[localhost].[/]       : Initializing Spring embedded WebApplicationContext
2026-03-09T22:33:43.362+07:00  INFO 37720 --- [ats] [           main] w.s.c.ServletWebServerApplicationContext : Root WebApplicationContext: initialization completed in 1248 ms
2026-03-09T22:33:43.496+07:00  INFO 37720 --- [ats] [           main] o.hibernate.jpa.internal.util.LogHelper  : HHH000204: Processing PersistenceUnitInfo [name: default]
2026-03-09T22:33:43.529+07:00  INFO 37720 --- [ats] [           main] org.hibernate.Version                    : HHH000412: Hibernate ORM core version 6.6.42.Final
2026-03-09T22:33:43.553+07:00  INFO 37720 --- [ats] [           main] o.h.c.internal.RegionFactoryInitiator    : HHH000026: Second-level cache disabled
2026-03-09T22:33:43.734+07:00  INFO 37720 --- [ats] [           main] o.s.o.j.p.SpringPersistenceUnitInfo      : No LoadTimeWeaver setup: ignoring JPA class transformer
2026-03-09T22:33:43.756+07:00  INFO 37720 --- [ats] [           main] com.zaxxer.hikari.HikariDataSource       : HikariPool-1 - Starting...
2026-03-09T22:33:43.895+07:00  INFO 37720 --- [ats] [           main] com.zaxxer.hikari.pool.HikariPool        : HikariPool-1 - Added connection org.postgresql.jdbc.PgConnection@1851c7d2
2026-03-09T22:33:43.896+07:00  INFO 37720 --- [ats] [           main] com.zaxxer.hikari.HikariDataSource       : HikariPool-1 - Start completed.
2026-03-09T22:33:43.922+07:00  WARN 37720 --- [ats] [           main] org.hibernate.orm.deprecation            : HHH90000025: PostgreSQLDialect does not need to be specified explicitly using 'hibernate.dialect' (remove the property setting and it will be selected by default)
2026-03-09T22:33:43.936+07:00  INFO 37720 --- [ats] [           main] org.hibernate.orm.connections.pooling    : HHH10001005: Database info:
	Database JDBC URL [Connecting through datasource 'HikariDataSource (HikariPool-1)']
	Database driver: undefined/unknown
	Database version: 18.3
	Autocommit mode: undefined/unknown
	Isolation level: undefined/unknown
	Minimum pool size: undefined/unknown
	Maximum pool size: undefined/unknown
2026-03-09T22:33:44.728+07:00  INFO 37720 --- [ats] [           main] o.h.e.t.j.p.i.JtaPlatformInitiator       : HHH000489: No JTA platform available (set 'hibernate.transaction.jta.platform' to enable JTA platform integration)
Hibernate: 
    create table audit_logs (
        id uuid not null,
        action varchar(100),
        created_at timestamp(6),
        entity_id uuid,
        entity_type varchar(100),
        ip_address inet,
        new_value jsonb,
        old_value jsonb,
        user_agent TEXT,
        user_id uuid,
        primary key (id)
    )
Hibernate: 
    create table departments (
        id uuid not null,
        created_at timestamp(6) with time zone not null,
        created_by uuid,
        last_modified_date timestamp(6) with time zone,
        modified_by uuid,
        description varchar(255),
        is_active boolean not null,
        name varchar(255) not null,
        manager_id uuid,
        primary key (id)
    )
Hibernate: 
    create table notifications (
        id uuid not null,
        content TEXT,
        created_at timestamp(6),
        is_read boolean,
        link varchar(255),
        title varchar(255),
        type varchar(50),
        user_id uuid not null,
        primary key (id)
    )
Hibernate: 
    create table permissions (
        key varchar(100) not null,
        category varchar(100) not null,
        label varchar(255) not null,
        primary key (key)
    )
Hibernate: 
    create table refresh_tokens (
        id uuid not null,
        created_at timestamp(6) with time zone not null,
        created_by uuid,
        last_modified_date timestamp(6) with time zone,
        modified_by uuid,
        expiry_date timestamp(6) not null,
        revoked boolean not null,
        token TEXT not null,
        user_id uuid not null,
        primary key (id)
    )
Hibernate: 
    create table role_permissions (
        role_id uuid not null,
        permission_key varchar(100) not null,
        primary key (role_id, permission_key)
    )
Hibernate: 
    create table roles (
        id uuid not null,
        created_at timestamp(6) with time zone not null,
        created_by uuid,
        last_modified_date timestamp(6) with time zone,
        modified_by uuid,
        description TEXT,
        is_system_role boolean not null,
        name varchar(100) not null,
        primary key (id)
    )
Hibernate: 
    create table system_configs (
        key varchar(100) not null,
        updated_at timestamp(6),
        value TEXT not null,
        updated_by uuid,
        primary key (key)
    )
Hibernate: 
    create table users (
        id uuid not null,
        created_at timestamp(6) with time zone not null,
        created_by uuid,
        last_modified_date timestamp(6) with time zone,
        modified_by uuid,
        account_locked boolean not null,
        active boolean not null,
        avatar_url varchar(1000),
        deleted boolean not null,
        email varchar(100) not null,
        full_name varchar(100),
        password_hash TEXT,
        department_id uuid,
        role_id uuid,
        primary key (id)
    )
Hibernate: 
    alter table if exists refresh_tokens 
       drop constraint if exists UKghpmfn23vmxfu3spu3lfg4r2d
2026-03-09T22:33:44.893+07:00  WARN 37720 --- [ats] [           main] o.h.engine.jdbc.spi.SqlExceptionHelper   : SQL Warning Code: 0, SQLState: 00000
2026-03-09T22:33:44.893+07:00  WARN 37720 --- [ats] [           main] o.h.engine.jdbc.spi.SqlExceptionHelper   : constraint "ukghpmfn23vmxfu3spu3lfg4r2d" of relation "refresh_tokens" does not exist, skipping
Hibernate: 
    alter table if exists refresh_tokens 
       add constraint UKghpmfn23vmxfu3spu3lfg4r2d unique (token)
Hibernate: 
    alter table if exists roles 
       drop constraint if exists UKofx66keruapi6vyqpv6f2or37
2026-03-09T22:33:44.895+07:00  WARN 37720 --- [ats] [           main] o.h.engine.jdbc.spi.SqlExceptionHelper   : SQL Warning Code: 0, SQLState: 00000
2026-03-09T22:33:44.895+07:00  WARN 37720 --- [ats] [           main] o.h.engine.jdbc.spi.SqlExceptionHelper   : constraint "ukofx66keruapi6vyqpv6f2or37" of relation "roles" does not exist, skipping
Hibernate: 
    alter table if exists roles 
       add constraint UKofx66keruapi6vyqpv6f2or37 unique (name)
Hibernate: 
    alter table if exists users 
       drop constraint if exists UK6dotkott2kjsp8vw4d0m25fb7
2026-03-09T22:33:44.896+07:00  WARN 37720 --- [ats] [           main] o.h.engine.jdbc.spi.SqlExceptionHelper   : SQL Warning Code: 0, SQLState: 00000
2026-03-09T22:33:44.896+07:00  WARN 37720 --- [ats] [           main] o.h.engine.jdbc.spi.SqlExceptionHelper   : constraint "uk6dotkott2kjsp8vw4d0m25fb7" of relation "users" does not exist, skipping
Hibernate: 
    alter table if exists users 
       add constraint UK6dotkott2kjsp8vw4d0m25fb7 unique (email)
Hibernate: 
    alter table if exists audit_logs 
       add constraint FKjs4iimve3y0xssbtve5ysyef0 
       foreign key (user_id) 
       references users
Hibernate: 
    alter table if exists departments 
       add constraint FKia71ute4clfbt6u2auufvw1bv 
       foreign key (manager_id) 
       references users
Hibernate: 
    alter table if exists notifications 
       add constraint FK9y21adhxn0ayjhfocscqox7bh 
       foreign key (user_id) 
       references users
Hibernate: 
    alter table if exists refresh_tokens 
       add constraint FK1lih5y2npsf8u5o3vhdb9y0os 
       foreign key (user_id) 
       references users
Hibernate: 
    alter table if exists role_permissions 
       add constraint FKru7i0ktq9o5prigg0r245th6m 
       foreign key (permission_key) 
       references permissions
Hibernate: 
    alter table if exists role_permissions 
       add constraint FKn5fotdgk8d1xvo8nav9uv3muc 
       foreign key (role_id) 
       references roles
Hibernate: 
    alter table if exists system_configs 
       add constraint FK69l9mfim135y5rah5b28purud 
       foreign key (updated_by) 
       references users
Hibernate: 
    alter table if exists users 
       add constraint FKsbg59w8q63i0oo53rlgvlcnjq 
       foreign key (department_id) 
       references departments
Hibernate: 
    alter table if exists users 
       add constraint FKp56c1712k691lhsyewcssf40f 
       foreign key (role_id) 
       references roles
2026-03-09T22:33:44.917+07:00  INFO 37720 --- [ats] [           main] j.LocalContainerEntityManagerFactoryBean : Initialized JPA EntityManagerFactory for persistence unit 'default'
2026-03-09T22:33:45.214+07:00  WARN 37720 --- [ats] [           main] JpaBaseConfiguration$JpaWebConfiguration : spring.jpa.open-in-view is enabled by default. Therefore, database queries may be performed during view rendering. Explicitly configure spring.jpa.open-in-view to disable this warning
2026-03-09T22:33:45.504+07:00  INFO 37720 --- [ats] [           main] r$InitializeUserDetailsManagerConfigurer : Global AuthenticationManager configured with UserDetailsService bean with name customUserDetailsService
2026-03-09T22:33:46.089+07:00  INFO 37720 --- [ats] [           main] o.s.b.w.embedded.tomcat.TomcatWebServer  : Tomcat started on port 8386 (http) with context path '/'
2026-03-09T22:33:46.095+07:00  INFO 37720 --- [ats] [           main] fptu.sba301.ats.AtsApplication           : Started AtsApplication in 4.346 seconds (process running for 4.599)
2026-03-10T05:21:44.571+07:00  WARN 37720 --- [ats] [l-1:housekeeper] com.zaxxer.hikari.pool.HikariPool        : HikariPool-1 - Thread starvation or clock leap detected (housekeeper delta=5h26m29s321ms556µs300ns).
2026-03-10T09:11:19.594+07:00  WARN 37720 --- [ats] [l-1:housekeeper] com.zaxxer.hikari.pool.HikariPool        : HikariPool-1 - Thread starvation or clock leap detected (housekeeper delta=1h52m33s156ms558µs800ns).
