[INFO] Scanning for projects...
[INFO] 
[INFO] --------------------------< fptu.sba301:ats >---------------------------
[INFO] Building ats 0.0.1-SNAPSHOT
[INFO]   from pom.xml
[INFO] --------------------------------[ jar ]---------------------------------
[INFO] 
[INFO] --- clean:3.4.1:clean (default-clean) @ ats ---
[INFO] Deleting C:\Users\LEGION 5 PRO\OneDrive\Desktop\1_SBA301\Gr project\applicant-tracking-system\backend\target
[INFO] 
[INFO] >>> spring-boot:3.5.11:run (default-cli) > test-compile @ ats >>>
[INFO] 
[INFO] --- resources:3.3.1:resources (default-resources) @ ats ---
[INFO] Copying 1 resource from src\main\resources to target\classes
[INFO] Copying 0 resource from src\main\resources to target\classes
[INFO] 
[INFO] --- compiler:3.14.1:compile (default-compile) @ ats ---
[INFO] Recompiling the module because of changed source code.
[INFO] Compiling 60 source files with javac [debug parameters release 21] to target\classes
[WARNING] /C:/Users/LEGION 5 PRO/OneDrive/Desktop/1_SBA301/Gr project/applicant-tracking-system/backend/src/main/java/fptu/sba301/ats/entity/Notification.java:[38,21] @Builder will ignore the initializing expression entirely. If you want the initializing expression to serve as default, add @Builder.Default. If it is not supposed to be settable during building, make the field final.
[WARNING] /C:/Users/LEGION 5 PRO/OneDrive/Desktop/1_SBA301/Gr project/applicant-tracking-system/backend/src/main/java/fptu/sba301/ats/entity/User.java:[47,21] @Builder will ignore the initializing expression entirely. If you want the initializing expression to serve as default, add @Builder.Default. If it is not supposed to be settable during building, make the field final.
[WARNING] /C:/Users/LEGION 5 PRO/OneDrive/Desktop/1_SBA301/Gr project/applicant-tracking-system/backend/src/main/java/fptu/sba301/ats/entity/User.java:[50,21] @Builder will ignore the initializing expression entirely. If you want the initializing expression to serve as default, add @Builder.Default. If it is not supposed to be settable during building, make the field final.
[WARNING] /C:/Users/LEGION 5 PRO/OneDrive/Desktop/1_SBA301/Gr project/applicant-tracking-system/backend/src/main/java/fptu/sba301/ats/entity/User.java:[53,21] @Builder will ignore the initializing expression entirely. If you want the initializing expression to serve as default, add @Builder.Default. If it is not supposed to be settable during building, make the field final.
[WARNING] /C:/Users/LEGION 5 PRO/OneDrive/Desktop/1_SBA301/Gr project/applicant-tracking-system/backend/src/main/java/fptu/sba301/ats/entity/RefreshToken.java:[43,21] @Builder will ignore the initializing expression entirely. If you want the initializing expression to serve as default, add @Builder.Default. If it is not supposed to be settable during building, make the field final.
[INFO] 
[INFO] --- resources:3.3.1:testResources (default-testResources) @ ats ---
[INFO] skip non existing resourceDirectory C:\Users\LEGION 5 PRO\OneDrive\Desktop\1_SBA301\Gr project\applicant-tracking-system\backend\src\test\resources
[INFO] 
[INFO] --- compiler:3.14.1:testCompile (default-testCompile) @ ats ---
[INFO] Recompiling the module because of changed dependency.
[INFO] Compiling 3 source files with javac [debug parameters release 21] to target\test-classes
[INFO] 
[INFO] <<< spring-boot:3.5.11:run (default-cli) < test-compile @ ats <<<
[INFO] 
[INFO] 
[INFO] --- spring-boot:3.5.11:run (default-cli) @ ats ---
[INFO] Attaching agents: []

  .   ____          _            __ _ _
 /\\ / ___'_ __ _ _(_)_ __  __ _ \ \ \ \
( ( )\___ | '_ | '_| | '_ \/ _` | \ \ \ \
 \\/  ___)| |_)| | | | | || (_| |  ) ) ) )
  '  |____| .__|_| |_|_| |_\__, | / / / /
 =========|_|==============|___/=/_/_/_/

 :: Spring Boot ::               (v3.5.11)

2026-03-11T08:32:47.867+07:00  INFO 33076 --- [ats] [           main] fptu.sba301.ats.AtsApplication           : Starting AtsApplication using Java 21.0.7 with PID 33076 (C:\Users\LEGION 5 PRO\OneDrive\Desktop\1_SBA301\Gr project\applicant-tracking-system\backend\target\classes started by LEGION 5 PRO in C:\Users\LEGION 5 PRO\OneDrive\Desktop\1_SBA301\Gr project\applicant-tracking-system\backend)
2026-03-11T08:32:47.869+07:00  INFO 33076 --- [ats] [           main] fptu.sba301.ats.AtsApplication           : No active profile set, falling back to 1 default profile: "default"
2026-03-11T08:32:48.484+07:00  INFO 33076 --- [ats] [           main] .s.d.r.c.RepositoryConfigurationDelegate : Bootstrapping Spring Data JPA repositories in DEFAULT mode.
2026-03-11T08:32:48.584+07:00  INFO 33076 --- [ats] [           main] .s.d.r.c.RepositoryConfigurationDelegate : Finished Spring Data repository scanning in 92 ms. Found 8 JPA repository interfaces.
2026-03-11T08:32:49.190+07:00  INFO 33076 --- [ats] [           main] o.s.b.w.embedded.tomcat.TomcatWebServer  : Tomcat initialized with port 8386 (http)
2026-03-11T08:32:49.205+07:00  INFO 33076 --- [ats] [           main] o.apache.catalina.core.StandardService   : Starting service [Tomcat]
2026-03-11T08:32:49.205+07:00  INFO 33076 --- [ats] [           main] o.apache.catalina.core.StandardEngine    : Starting Servlet engine: [Apache Tomcat/10.1.52]
2026-03-11T08:32:49.284+07:00  INFO 33076 --- [ats] [           main] o.a.c.c.C.[Tomcat].[localhost].[/]       : Initializing Spring embedded WebApplicationContext
2026-03-11T08:32:49.287+07:00  INFO 33076 --- [ats] [           main] w.s.c.ServletWebServerApplicationContext : Root WebApplicationContext: initialization completed in 1380 ms
2026-03-11T08:32:49.457+07:00  INFO 33076 --- [ats] [           main] o.hibernate.jpa.internal.util.LogHelper  : HHH000204: Processing PersistenceUnitInfo [name: default]
2026-03-11T08:32:49.512+07:00  INFO 33076 --- [ats] [           main] org.hibernate.Version                    : HHH000412: Hibernate ORM core version 6.6.42.Final
2026-03-11T08:32:49.540+07:00  INFO 33076 --- [ats] [           main] o.h.c.internal.RegionFactoryInitiator    : HHH000026: Second-level cache disabled
2026-03-11T08:32:49.747+07:00  INFO 33076 --- [ats] [           main] o.s.o.j.p.SpringPersistenceUnitInfo      : No LoadTimeWeaver setup: ignoring JPA class transformer
2026-03-11T08:32:49.773+07:00  INFO 33076 --- [ats] [           main] com.zaxxer.hikari.HikariDataSource       : HikariPool-1 - Starting...
2026-03-11T08:32:49.902+07:00  INFO 33076 --- [ats] [           main] com.zaxxer.hikari.pool.HikariPool        : HikariPool-1 - Added connection org.postgresql.jdbc.PgConnection@1c18ee69
2026-03-11T08:32:49.902+07:00  INFO 33076 --- [ats] [           main] com.zaxxer.hikari.HikariDataSource       : HikariPool-1 - Start completed.
2026-03-11T08:32:49.947+07:00  WARN 33076 --- [ats] [           main] org.hibernate.orm.deprecation            : HHH90000025: PostgreSQLDialect does not need to be specified explicitly using 'hibernate.dialect' (remove the property setting and it will be selected by default)
2026-03-11T08:32:49.978+07:00  INFO 33076 --- [ats] [           main] org.hibernate.orm.connections.pooling    : HHH10001005: Database info:
	Database JDBC URL [Connecting through datasource 'HikariDataSource (HikariPool-1)']
	Database driver: undefined/unknown
	Database version: 18.3
	Autocommit mode: undefined/unknown
	Isolation level: undefined/unknown
	Minimum pool size: undefined/unknown
	Maximum pool size: undefined/unknown
2026-03-11T08:32:50.958+07:00  INFO 33076 --- [ats] [           main] o.h.e.t.j.p.i.JtaPlatformInitiator       : HHH000489: No JTA platform available (set 'hibernate.transaction.jta.platform' to enable JTA platform integration)
2026-03-11T08:32:51.047+07:00  INFO 33076 --- [ats] [           main] j.LocalContainerEntityManagerFactoryBean : Initialized JPA EntityManagerFactory for persistence unit 'default'
2026-03-11T08:32:51.352+07:00  INFO 33076 --- [ats] [           main] r$InitializeUserDetailsManagerConfigurer : Global AuthenticationManager configured with UserDetailsService bean with name customUserDetailsService
2026-03-11T08:32:51.509+07:00  WARN 33076 --- [ats] [           main] JpaBaseConfiguration$JpaWebConfiguration : spring.jpa.open-in-view is enabled by default. Therefore, database queries may be performed during view rendering. Explicitly configure spring.jpa.open-in-view to disable this warning
2026-03-11T08:32:51.910+07:00  INFO 33076 --- [ats] [           main] o.s.b.w.embedded.tomcat.TomcatWebServer  : Tomcat started on port 8386 (http) with context path '/'
2026-03-11T08:32:51.920+07:00  INFO 33076 --- [ats] [           main] fptu.sba301.ats.AtsApplication           : Started AtsApplication in 4.38 seconds (process running for 4.691)
Hibernate: 
    select
        u1_0.id,
        u1_0.account_locked,
        u1_0.active,
        u1_0.avatar_url,
        u1_0.created_at,
        u1_0.created_by,
        u1_0.deleted,
        u1_0.department_id,
        u1_0.email,
        u1_0.full_name,
        u1_0.last_modified_date,
        u1_0.modified_by,
        u1_0.password_hash,
        u1_0.role 
    from
        users u1_0 
    where
        u1_0.email=?
2026-03-11T08:33:42.039+07:00  INFO 33076 --- [ats] [nio-8386-exec-1] o.a.c.c.C.[Tomcat].[localhost].[/]       : Initializing Spring DispatcherServlet 'dispatcherServlet'
2026-03-11T08:33:42.041+07:00  INFO 33076 --- [ats] [nio-8386-exec-1] o.s.web.servlet.DispatcherServlet        : Initializing Servlet 'dispatcherServlet'
2026-03-11T08:33:42.044+07:00  INFO 33076 --- [ats] [nio-8386-exec-1] o.s.web.servlet.DispatcherServlet        : Completed initialization in 2 ms
Hibernate: 
    select
        u1_0.id,
        u1_0.account_locked,
        u1_0.active,
        u1_0.avatar_url,
        u1_0.created_at,
        u1_0.created_by,
        u1_0.deleted,
        u1_0.department_id,
        u1_0.email,
        u1_0.full_name,
        u1_0.last_modified_date,
        u1_0.modified_by,
        u1_0.password_hash,
        u1_0.role 
    from
        users u1_0 
    where
        u1_0.email=?
Hibernate: 
    select
        u1_0.id,
        u1_0.account_locked,
        u1_0.active,
        u1_0.avatar_url,
        u1_0.created_at,
        u1_0.created_by,
        u1_0.deleted,
        u1_0.department_id,
        u1_0.email,
        u1_0.full_name,
        u1_0.last_modified_date,
        u1_0.modified_by,
        u1_0.password_hash,
        u1_0.role 
    from
        users u1_0 
    where
        u1_0.email=?
Hibernate: 
    insert 
    into
        refresh_tokens
        (created_at, created_by, expiry_date, last_modified_date, modified_by, revoked, token, user_id, id) 
    values
        (?, ?, ?, ?, ?, ?, ?, ?, ?)
[INFO] ------------------------------------------------------------------------
[INFO] BUILD FAILURE
[INFO] ------------------------------------------------------------------------
[INFO] Total time:  12:18 min
[INFO] Finished at: 2026-03-11T08:44:54+07:00
[INFO] ------------------------------------------------------------------------
[ERROR] Failed to execute goal org.springframework.boot:spring-boot-maven-plugin:3.5.11:run (default-cli) on project ats: Process terminated with exit code: 1 -> [Help 1]
[ERROR] 
[ERROR] To see the full stack trace of the errors, re-run Maven with the -e switch.
[ERROR] Re-run Maven using the -X switch to enable full debug logging.
[ERROR] 
[ERROR] For more information about the errors and possible solutions, please read the following articles:
[ERROR] [Help 1] http://cwiki.apache.org/confluence/display/MAVEN/MojoExecutionException
