[INFO] Scanning for projects...
[INFO] 
[INFO] --------------------------< fptu.sba301:ats >---------------------------
[INFO] Building ats 0.0.1-SNAPSHOT
[INFO]   from pom.xml
[INFO] --------------------------------[ jar ]---------------------------------
[INFO] 
[INFO] >>> spring-boot:3.5.11:run (default-cli) > test-compile @ ats >>>
[INFO] 
[INFO] --- resources:3.3.1:resources (default-resources) @ ats ---
[INFO] Copying 1 resource from src\main\resources to target\classes
[INFO] Copying 0 resource from src\main\resources to target\classes
[INFO] 
[INFO] --- compiler:3.14.1:compile (default-compile) @ ats ---
[INFO] Nothing to compile - all classes are up to date.
[INFO] 
[INFO] --- resources:3.3.1:testResources (default-testResources) @ ats ---
[INFO] skip non existing resourceDirectory C:\Users\LEGION 5 PRO\OneDrive\Desktop\1_SBA301\Gr project\applicant-tracking-system\backend\src\test\resources
[INFO] 
[INFO] --- compiler:3.14.1:testCompile (default-testCompile) @ ats ---
[INFO] Nothing to compile - all classes are up to date.
[INFO] 
[INFO] <<< spring-boot:3.5.11:run (default-cli) < test-compile @ ats <<<
[INFO] 
[INFO] 
[INFO] --- spring-boot:3.5.11:run (default-cli) @ ats ---
[INFO] Attaching agents: []

  .   ____          _            __ _ _
 /\\ / ___'_ __ _ _(_)_ __  __ _ \ \ \ \
( ( )\___ | '_ | '_| | '_ \/ _` | \ \ \ \
 \\/  ___)| |_)| | | | | || (_| |  ) ) ) )
  '  |____| .__|_| |_|_| |_\__, | / / / /
 =========|_|==============|___/=/_/_/_/

 :: Spring Boot ::               (v3.5.11)

2026-03-11T07:52:28.954+07:00  INFO 35040 --- [ats] [           main] fptu.sba301.ats.AtsApplication           : Starting AtsApplication using Java 21.0.7 with PID 35040 (C:\Users\LEGION 5 PRO\OneDrive\Desktop\1_SBA301\Gr project\applicant-tracking-system\backend\target\classes started by LEGION 5 PRO in C:\Users\LEGION 5 PRO\OneDrive\Desktop\1_SBA301\Gr project\applicant-tracking-system\backend)
2026-03-11T07:52:28.956+07:00  INFO 35040 --- [ats] [           main] fptu.sba301.ats.AtsApplication           : No active profile set, falling back to 1 default profile: "default"
2026-03-11T07:52:29.445+07:00  INFO 35040 --- [ats] [           main] .s.d.r.c.RepositoryConfigurationDelegate : Bootstrapping Spring Data JPA repositories in DEFAULT mode.
2026-03-11T07:52:29.511+07:00  INFO 35040 --- [ats] [           main] .s.d.r.c.RepositoryConfigurationDelegate : Finished Spring Data repository scanning in 60 ms. Found 8 JPA repository interfaces.
2026-03-11T07:52:30.017+07:00  INFO 35040 --- [ats] [           main] o.s.b.w.embedded.tomcat.TomcatWebServer  : Tomcat initialized with port 8386 (http)
2026-03-11T07:52:30.027+07:00  INFO 35040 --- [ats] [           main] o.apache.catalina.core.StandardService   : Starting service [Tomcat]
2026-03-11T07:52:30.028+07:00  INFO 35040 --- [ats] [           main] o.apache.catalina.core.StandardEngine    : Starting Servlet engine: [Apache Tomcat/10.1.52]
2026-03-11T07:52:30.077+07:00  INFO 35040 --- [ats] [           main] o.a.c.c.C.[Tomcat].[localhost].[/]       : Initializing Spring embedded WebApplicationContext
2026-03-11T07:52:30.078+07:00  INFO 35040 --- [ats] [           main] w.s.c.ServletWebServerApplicationContext : Root WebApplicationContext: initialization completed in 1090 ms
2026-03-11T07:52:30.193+07:00  INFO 35040 --- [ats] [           main] o.hibernate.jpa.internal.util.LogHelper  : HHH000204: Processing PersistenceUnitInfo [name: default]
2026-03-11T07:52:30.221+07:00  INFO 35040 --- [ats] [           main] org.hibernate.Version                    : HHH000412: Hibernate ORM core version 6.6.42.Final
2026-03-11T07:52:30.240+07:00  INFO 35040 --- [ats] [           main] o.h.c.internal.RegionFactoryInitiator    : HHH000026: Second-level cache disabled
2026-03-11T07:52:30.393+07:00  INFO 35040 --- [ats] [           main] o.s.o.j.p.SpringPersistenceUnitInfo      : No LoadTimeWeaver setup: ignoring JPA class transformer
2026-03-11T07:52:30.411+07:00  INFO 35040 --- [ats] [           main] com.zaxxer.hikari.HikariDataSource       : HikariPool-1 - Starting...
2026-03-11T07:52:30.709+07:00  INFO 35040 --- [ats] [           main] com.zaxxer.hikari.pool.HikariPool        : HikariPool-1 - Added connection org.postgresql.jdbc.PgConnection@586737ff
2026-03-11T07:52:30.710+07:00  INFO 35040 --- [ats] [           main] com.zaxxer.hikari.HikariDataSource       : HikariPool-1 - Start completed.
2026-03-11T07:52:30.734+07:00  WARN 35040 --- [ats] [           main] org.hibernate.orm.deprecation            : HHH90000025: PostgreSQLDialect does not need to be specified explicitly using 'hibernate.dialect' (remove the property setting and it will be selected by default)
2026-03-11T07:52:30.745+07:00  INFO 35040 --- [ats] [           main] org.hibernate.orm.connections.pooling    : HHH10001005: Database info:
	Database JDBC URL [Connecting through datasource 'HikariDataSource (HikariPool-1)']
	Database driver: undefined/unknown
	Database version: 18.3
	Autocommit mode: undefined/unknown
	Isolation level: undefined/unknown
	Minimum pool size: undefined/unknown
	Maximum pool size: undefined/unknown
2026-03-11T07:52:32.034+07:00  INFO 35040 --- [ats] [           main] o.h.e.t.j.p.i.JtaPlatformInitiator       : HHH000489: No JTA platform available (set 'hibernate.transaction.jta.platform' to enable JTA platform integration)
Hibernate: 
    set client_min_messages = WARNING
Hibernate: 
    alter table if exists refresh_tokens 
       drop constraint if exists FK1lih5y2npsf8u5o3vhdb9y0os
Hibernate: 
    alter table if exists role_permissions 
       drop constraint if exists FKegdk29eiy7mdtefy5c7eirr6e
Hibernate: 
    alter table if exists role_permissions 
       drop constraint if exists FKn5fotdgk8d1xvo8nav9uv3muc
Hibernate: 
    alter table if exists users 
       drop constraint if exists FKsbg59w8q63i0oo53rlgvlcnjq
Hibernate: 
    drop table if exists audit_logs cascade
Hibernate: 
    drop table if exists departments cascade
Hibernate: 
    drop table if exists notifications cascade
Hibernate: 
    drop table if exists permissions cascade
Hibernate: 
    drop table if exists refresh_tokens cascade
Hibernate: 
    drop table if exists role_permissions cascade
Hibernate: 
    drop table if exists roles cascade
Hibernate: 
    drop table if exists system_configs cascade
Hibernate: 
    drop table if exists users cascade
Hibernate: 
    create table audit_logs (
        created_at timestamp(6) with time zone,
        entity_id uuid,
        id uuid not null,
        user_id uuid,
        action varchar(100),
        entity_type varchar(100),
        ip_address varchar(255),
        new_value JSONB,
        old_value JSONB,
        user_agent TEXT,
        primary key (id)
    )
Hibernate: 
    create table departments (
        created_at timestamp(6) with time zone not null,
        last_modified_date timestamp(6) with time zone,
        created_by uuid,
        id uuid not null,
        modified_by uuid,
        description varchar(255),
        name varchar(255) not null,
        primary key (id)
    )
Hibernate: 
    create table notifications (
        is_read boolean,
        created_at timestamp(6) with time zone,
        id uuid not null,
        user_id uuid,
        type varchar(50),
        content TEXT,
        link varchar(255),
        title varchar(255),
        primary key (id)
    )
Hibernate: 
    create table permissions (
        category varchar(100) not null,
        key varchar(100) not null,
        label varchar(255) not null,
        primary key (key)
    )
Hibernate: 
    create table refresh_tokens (
        revoked boolean not null,
        created_at timestamp(6) with time zone not null,
        expiry_date timestamp(6) not null,
        last_modified_date timestamp(6) with time zone,
        created_by uuid,
        id uuid not null,
        modified_by uuid,
        user_id uuid not null,
        token TEXT not null unique,
        primary key (id)
    )
Hibernate: 
    create table role_permissions (
        role_id uuid not null,
        permission_id varchar(100) not null,
        primary key (role_id, permission_id)
    )
Hibernate: 
    create table roles (
        system_role boolean,
        created_at timestamp(6) with time zone not null,
        last_modified_date timestamp(6) with time zone,
        created_by uuid,
        id uuid not null,
        modified_by uuid,
        name varchar(100) not null unique,
        description varchar(255),
        primary key (id)
    )
Hibernate: 
    create table system_configs (
        updated_at timestamp(6) with time zone,
        updated_by uuid,
        key varchar(100) not null,
        value TEXT not null,
        primary key (key)
    )
Hibernate: 
    create table users (
        account_locked boolean not null,
        active boolean not null,
        deleted boolean not null,
        created_at timestamp(6) with time zone not null,
        last_modified_date timestamp(6) with time zone,
        created_by uuid,
        department_id uuid,
        id uuid not null,
        modified_by uuid,
        email varchar(100) not null unique,
        full_name varchar(100),
        avatar_url varchar(1000),
        password_hash TEXT,
        role varchar(255) not null check (role in ('SYSTEM_ADMIN','HR','HR_MANAGER','INTERVIEWER')),
        primary key (id)
    )
Hibernate: 
    alter table if exists refresh_tokens 
       add constraint FK1lih5y2npsf8u5o3vhdb9y0os 
       foreign key (user_id) 
       references users
Hibernate: 
    alter table if exists role_permissions 
       add constraint FKegdk29eiy7mdtefy5c7eirr6e 
       foreign key (permission_id) 
       references permissions
Hibernate: 
    alter table if exists role_permissions 
       add constraint FKn5fotdgk8d1xvo8nav9uv3muc 
       foreign key (role_id) 
       references roles
Hibernate: 
    alter table if exists users 
       add constraint FKsbg59w8q63i0oo53rlgvlcnjq 
       foreign key (department_id) 
       references departments
2026-03-11T07:52:32.158+07:00  INFO 35040 --- [ats] [           main] j.LocalContainerEntityManagerFactoryBean : Initialized JPA EntityManagerFactory for persistence unit 'default'
2026-03-11T07:52:32.951+07:00  INFO 35040 --- [ats] [           main] r$InitializeUserDetailsManagerConfigurer : Global AuthenticationManager configured with UserDetailsService bean with name customUserDetailsService
2026-03-11T07:52:33.281+07:00  WARN 35040 --- [ats] [           main] JpaBaseConfiguration$JpaWebConfiguration : spring.jpa.open-in-view is enabled by default. Therefore, database queries may be performed during view rendering. Explicitly configure spring.jpa.open-in-view to disable this warning
2026-03-11T07:52:33.959+07:00  WARN 35040 --- [ats] [           main] ConfigServletWebServerApplicationContext : Exception encountered during context initialization - cancelling refresh attempt: org.springframework.context.ApplicationContextException: Failed to start bean 'webServerStartStop'
2026-03-11T07:52:33.964+07:00  INFO 35040 --- [ats] [           main] j.LocalContainerEntityManagerFactoryBean : Closing JPA EntityManagerFactory for persistence unit 'default'
2026-03-11T07:52:33.966+07:00  INFO 35040 --- [ats] [           main] com.zaxxer.hikari.HikariDataSource       : HikariPool-1 - Shutdown initiated...
2026-03-11T07:52:33.971+07:00  INFO 35040 --- [ats] [           main] com.zaxxer.hikari.HikariDataSource       : HikariPool-1 - Shutdown completed.
2026-03-11T07:52:33.987+07:00  INFO 35040 --- [ats] [           main] .s.b.a.l.ConditionEvaluationReportLogger : 

Error starting ApplicationContext. To display the condition evaluation report re-run your application with 'debug' enabled.
2026-03-11T07:52:34.011+07:00 ERROR 35040 --- [ats] [           main] o.s.b.d.LoggingFailureAnalysisReporter   : 

***************************
APPLICATION FAILED TO START
***************************

Description:

Web server failed to start. Port 8386 was already in use.

Action:

Identify and stop the process that's listening on port 8386 or configure this application to listen on another port.

[INFO] ------------------------------------------------------------------------
[INFO] BUILD FAILURE
[INFO] ------------------------------------------------------------------------
[INFO] Total time:  7.093 s
[INFO] Finished at: 2026-03-11T07:52:34+07:00
[INFO] ------------------------------------------------------------------------
[ERROR] Failed to execute goal org.springframework.boot:spring-boot-maven-plugin:3.5.11:run (default-cli) on project ats: Process terminated with exit code: 1 -> [Help 1]
[ERROR] 
[ERROR] To see the full stack trace of the errors, re-run Maven with the -e switch.
[ERROR] Re-run Maven using the -X switch to enable full debug logging.
[ERROR] 
[ERROR] For more information about the errors and possible solutions, please read the following articles:
[ERROR] [Help 1] http://cwiki.apache.org/confluence/display/MAVEN/MojoExecutionException
